2020-06-12 20:30:14.941 +02:00 [Information] Initializing...
2020-06-12 20:30:15.601 +02:00 [Information] Starting server...
2020-06-12 20:30:15.938 +02:00 [Information] Ready for connections!
2020-06-12 20:30:15.939 +02:00 [Warning] !!! NOOB MODE IS ENABLED! EVERY LOGIN SUCCEEDS AND OVERRIDES ACCOUNT LOGIN DETAILS !!!
2020-06-12 20:39:23.607 +02:00 [Information] Closing...
2020-06-12 20:39:23.696 +02:00 [Information] Closing...
2020-06-12 20:39:39.847 +02:00 [Information] Initializing...
2020-06-12 20:39:40.567 +02:00 [Information] Starting server...
2020-06-12 20:39:40.916 +02:00 [Information] Ready for connections!
2020-06-12 20:39:40.917 +02:00 [Warning] !!! NOOB MODE IS ENABLED! EVERY LOGIN SUCCEEDS AND OVERRIDES ACCOUNT LOGIN DETAILS !!!
2020-06-12 20:47:13.707 +02:00 [Information] Closing...
2020-06-12 20:47:13.707 +02:00 [Information] Closing...
2020-06-12 20:47:52.685 +02:00 [Information] Initializing...
2020-06-12 20:47:53.511 +02:00 [Information] Starting server...
2020-06-12 20:47:53.939 +02:00 [Information] Ready for connections!
2020-06-12 20:47:53.940 +02:00 [Warning] !!! NOOB MODE IS ENABLED! EVERY LOGIN SUCCEEDS AND OVERRIDES ACCOUNT LOGIN DETAILS !!!
2020-06-12 20:47:58.267 +02:00 [Information] Added server S4_League(1)
2020-06-12 20:50:56.228 +02:00 [Information] Removed server S4_League(1)
2020-06-12 20:59:35.137 +02:00 [Information] Closing...
2020-06-12 20:59:35.137 +02:00 [Information] Closing...
2020-06-12 21:04:52.529 +02:00 [Information] Initializing...
2020-06-12 21:04:53.250 +02:00 [Information] Starting server...
2020-06-12 21:04:53.579 +02:00 [Information] Ready for connections!
2020-06-12 21:04:53.580 +02:00 [Warning] !!! NOOB MODE IS ENABLED! EVERY LOGIN SUCCEEDS AND OVERRIDES ACCOUNT LOGIN DETAILS !!!
2020-06-12 21:04:55.784 +02:00 [Information] Added server Miguel_S4(1)
2020-06-12 21:05:29.620 +02:00 [Information] Authentication login from "[::ffff:127.0.0.1]:51279"
2020-06-12 21:05:30.009 +02:00 [Information] Authentication success for "test12345"
2020-06-12 21:08:50.273 +02:00 [Information] Closing...
2020-06-12 21:08:50.274 +02:00 [Information] Closing...
2020-06-12 21:20:04.813 +02:00 [Information] Initializing...
2020-06-12 21:20:05.589 +02:00 [Information] Starting server...
2020-06-12 21:20:05.970 +02:00 [Information] Ready for connections!
2020-06-12 21:20:05.971 +02:00 [Warning] !!! NOOB MODE IS ENABLED! EVERY LOGIN SUCCEEDS AND OVERRIDES ACCOUNT LOGIN DETAILS !!!
2020-06-12 21:20:08.319 +02:00 [Information] Added server Miguel_S4(1)
2020-06-12 21:20:11.411 +02:00 [Information] Authentication login from "[::ffff:127.0.0.1]:51433"
2020-06-12 21:20:11.791 +02:00 [Information] Authentication success for "root12345"
2020-06-12 21:23:50.563 +02:00 [Information] Authentication login from "[::ffff:127.0.0.1]:51461"
2020-06-12 21:23:50.664 +02:00 [Information] Authentication success for "root12345"
2020-06-12 21:26:08.933 +02:00 [Error] Unhandled server exception
DotNetty.Codecs.DecoderException: Exception of type 'DotNetty.Codecs.DecoderException' was thrown. ---> System.IO.EndOfStreamException: Unable to read beyond the end of the stream.
   at System.IO.BinaryReader.ReadByte()
   at ProudNet.ProudNetBinaryReaderExtensions.ReadProudString(BinaryReader this)
   at Netsphere.Network.Message.Auth.LoginEUReqMessageSerializer.Deserialize(BinaryReader )
   at BlubLib.Serialization.Serializer.Deserialize(BinaryReader reader, Type type)
   at ProudNet.Serialization.MessageFactory.GetMessage(UInt16 opCode, BinaryReader reader)
   at ProudNet.Codecs.MessageDecoder.Decode(IChannelHandlerContext context, IByteBuffer message, List`1 output)
   at DotNetty.Codecs.MessageToMessageDecoder`1.ChannelRead(IChannelHandlerContext context, Object message)
   --- End of inner exception stack trace ---
   at DotNetty.Codecs.MessageToMessageDecoder`1.ChannelRead(IChannelHandlerContext context, Object message)
   at DotNetty.Transport.Channels.AbstractChannelHandlerContext.InvokeChannelRead(Object msg)
2020-06-12 21:35:37.266 +02:00 [Information] Closing...
2020-06-12 21:35:37.266 +02:00 [Information] Closing...
